<?xml version="1.0" encoding="UTF-8"?>
<testsuite xmlns:xsi="http://www.w3.org/2001/XMLSchema-instance" xsi:noNamespaceSchemaLocation="https://maven.apache.org/surefire/maven-surefire-plugin/xsd/surefire-test-report.xsd" name="org.json.simple.JSONValueTest" time="0.001" tests="10" errors="0" skipped="0" failures="0">
  <properties>
    <property name="sun.desktop" value="windows"/>
    <property name="awt.toolkit" value="sun.awt.windows.WToolkit"/>
    <property name="file.encoding.pkg" value="sun.io"/>
    <property name="java.specification.version" value="1.8"/>
    <property name="sun.cpu.isalist" value="amd64"/>
    <property name="sun.jnu.encoding" value="Cp1250"/>
    <property name="java.class.path" value="C:\Users\Acer\Downloads\json-simple-master\target\test-classes;C:\Users\Acer\Downloads\json-simple-master\target\classes;C:\Users\Acer\.m2\repository\junit\junit\4.10\junit-4.10.jar;C:\Users\Acer\.m2\repository\org\hamcrest\hamcrest-core\1.1\hamcrest-core-1.1.jar;"/>
    <property name="java.vm.vendor" value="Oracle Corporation"/>
    <property name="sun.arch.data.model" value="64"/>
    <property name="user.variant" value=""/>
    <property name="java.vendor.url" value="http://java.oracle.com/"/>
    <property name="user.timezone" value=""/>
    <property name="java.vm.specification.version" value="1.8"/>
    <property name="os.name" value="Windows 10"/>
    <property name="user.country" value="HU"/>
    <property name="sun.java.launcher" value="SUN_STANDARD"/>
    <property name="sun.boot.library.path" value="C:\Program Files\Java\jdk1.8.0_141\jre\bin"/>
    <property name="sun.java.command" value="C:\Users\Acer\AppData\Local\Temp\surefire9010268407422631655\surefirebooter3020672124052456321.jar C:\Users\Acer\AppData\Local\Temp\surefire9010268407422631655 2017-09-28T21-54-54_974-jvmRun1 surefire1353159601343667233tmp surefire_04958529690950938846tmp"/>
    <property name="surefire.test.class.path" value="C:\Users\Acer\Downloads\json-simple-master\target\test-classes;C:\Users\Acer\Downloads\json-simple-master\target\classes;C:\Users\Acer\.m2\repository\junit\junit\4.10\junit-4.10.jar;C:\Users\Acer\.m2\repository\org\hamcrest\hamcrest-core\1.1\hamcrest-core-1.1.jar;"/>
    <property name="sun.cpu.endian" value="little"/>
    <property name="user.home" value="C:\Users\Acer"/>
    <property name="user.language" value="hu"/>
    <property name="java.specification.vendor" value="Oracle Corporation"/>
    <property name="java.home" value="C:\Program Files\Java\jdk1.8.0_141\jre"/>
    <property name="basedir" value="C:\Users\Acer\Downloads\json-simple-master"/>
    <property name="file.separator" value="\"/>
    <property name="line.separator" value="&#10;"/>
    <property name="java.vm.specification.vendor" value="Oracle Corporation"/>
    <property name="java.specification.name" value="Java Platform API Specification"/>
    <property name="java.awt.graphicsenv" value="sun.awt.Win32GraphicsEnvironment"/>
    <property name="surefire.real.class.path" value="C:\Users\Acer\AppData\Local\Temp\surefire9010268407422631655\surefirebooter3020672124052456321.jar"/>
    <property name="sun.boot.class.path" value="C:\Program Files\Java\jdk1.8.0_141\jre\lib\resources.jar;C:\Program Files\Java\jdk1.8.0_141\jre\lib\rt.jar;C:\Program Files\Java\jdk1.8.0_141\jre\lib\sunrsasign.jar;C:\Program Files\Java\jdk1.8.0_141\jre\lib\jsse.jar;C:\Program Files\Java\jdk1.8.0_141\jre\lib\jce.jar;C:\Program Files\Java\jdk1.8.0_141\jre\lib\charsets.jar;C:\Program Files\Java\jdk1.8.0_141\jre\lib\jfr.jar;C:\Program Files\Java\jdk1.8.0_141\jre\classes"/>
    <property name="user.script" value=""/>
    <property name="sun.management.compiler" value="HotSpot 64-Bit Tiered Compilers"/>
    <property name="java.runtime.version" value="1.8.0_141-b15"/>
    <property name="user.name" value="Acer"/>
    <property name="path.separator" value=";"/>
    <property name="os.version" value="10.0"/>
    <property name="java.endorsed.dirs" value="C:\Program Files\Java\jdk1.8.0_141\jre\lib\endorsed"/>
    <property name="java.runtime.name" value="Java(TM) SE Runtime Environment"/>
    <property name="file.encoding" value="Cp1250"/>
    <property name="java.vm.name" value="Java HotSpot(TM) 64-Bit Server VM"/>
    <property name="localRepository" value="C:\Users\Acer\.m2\repository"/>
    <property name="java.vendor.url.bug" value="http://bugreport.sun.com/bugreport/"/>
    <property name="java.io.tmpdir" value="C:\Users\Acer\AppData\Local\Temp\"/>
    <property name="java.version" value="1.8.0_141"/>
    <property name="user.dir" value="C:\Users\Acer\Downloads\json-simple-master"/>
    <property name="os.arch" value="amd64"/>
    <property name="java.vm.specification.name" value="Java Virtual Machine Specification"/>
    <property name="java.awt.printerjob" value="sun.awt.windows.WPrinterJob"/>
    <property name="sun.os.patch.level" value=""/>
    <property name="java.library.path" value="C:\Program Files\Java\jdk1.8.0_141\jre\bin;C:\WINDOWS\Sun\Java\bin;C:\WINDOWS\system32;C:\WINDOWS;C:\oraclexe\app\oracle\product\11.2.0\server\bin;C:\ProgramData\Oracle\Java\javapath;C:\Program Files (x86)\Intel\iCLS Client\;C:\Program Files\Intel\iCLS Client\;C:\Windows\system32;C:\Windows;C:\Windows\System32\Wbem;C:\Windows\System32\WindowsPowerShell\v1.0\;C:\Program Files (x86)\NVIDIA Corporation\PhysX\Common;C:\Program Files (x86)\Intel\Intel(R) Management Engine Components\DAL;C:\Program Files\Intel\Intel(R) Management Engine Components\DAL;C:\Program Files (x86)\Intel\Intel(R) Management Engine Components\IPT;C:\Program Files\Intel\Intel(R) Management Engine Components\IPT;C:\Program Files\OpenVPN\bin;C:\Program Files (x86)\Windows Kits\8.1\Windows Performance Toolkit\;C:\Program Files\Microsoft SQL Server\Client SDK\ODBC\110\Tools\Binn\;C:\Program Files (x86)\Microsoft SQL Server\120\Tools\Binn\ManagementStudio\;C:\Program Files (x86)\Microsoft SQL Server\120\Tools\Binn\;C:\Program Files\Microsoft SQL Server\120\Tools\Binn\;C:\Program Files (x86)\Microsoft SQL Server\120\DTS\Binn\;C:\Program Files\;C:\Program Files\nodejs\;C:\Program Files\Git\cmd;C:\Program Files\Git\bin;C:\WINDOWS\system32;C:\WINDOWS;C:\WINDOWS\System32\Wbem;C:\WINDOWS\System32\WindowsPowerShell\v1.0\;C:\ProgramData\chocolatey\bin;C:\Program Files\Java\jdk1.8.0_141\bin;C:\Android\android-sdk\tools;C:\Android\android-sdk\platform-tools;C:\Users\Acer\Documents\apache-maven-3.5.0\bin;C:\Users\Acer\AppData\Local\Microsoft\WindowsApps;C:\Users\Acer\AppData\Roaming\npm;."/>
    <property name="java.vm.info" value="mixed mode"/>
    <property name="java.vendor" value="Oracle Corporation"/>
    <property name="java.vm.version" value="25.141-b15"/>
    <property name="java.ext.dirs" value="C:\Program Files\Java\jdk1.8.0_141\jre\lib\ext;C:\WINDOWS\Sun\Java\lib\ext"/>
    <property name="sun.io.unicode.encoding" value="UnicodeLittle"/>
    <property name="java.class.version" value="52.0"/>
  </properties>
  <testcase name="testByteArrayToString" classname="org.json.simple.JSONValueTest" time="0"/>
  <testcase name="testShortArrayToString" classname="org.json.simple.JSONValueTest" time="0"/>
  <testcase name="testBooleanArrayToString" classname="org.json.simple.JSONValueTest" time="0"/>
  <testcase name="testCharArrayToString" classname="org.json.simple.JSONValueTest" time="0"/>
  <testcase name="testObjectArrayToString" classname="org.json.simple.JSONValueTest" time="0"/>
  <testcase name="testLongArrayToString" classname="org.json.simple.JSONValueTest" time="0"/>
  <testcase name="testIntArrayToString" classname="org.json.simple.JSONValueTest" time="0"/>
  <testcase name="testFloatArrayToString" classname="org.json.simple.JSONValueTest" time="0"/>
  <testcase name="testDoubleArrayToString" classname="org.json.simple.JSONValueTest" time="0"/>
  <testcase name="testArraysOfArrays" classname="org.json.simple.JSONValueTest" time="0"/>
</testsuite>